0 verbose cli /opt/homebrew/Cellar/node@22/22.18.0/bin/node /opt/homebrew/Cellar/node@22/22.18.0/lib/node_modules/npm/bin/npm-cli.js
1 info using npm@10.9.3
2 info using node@v22.18.0
3 silly config load:file:/opt/homebrew/Cellar/node@22/22.18.0/lib/node_modules/npm/npmrc
4 silly config load:file:/Users/johnlyman/Desktop/wasatchwise/.npmrc
5 silly config load:file:/Users/johnlyman/.npmrc
6 silly config load:file:/opt/homebrew/etc/npmrc
7 verbose title npm exec update-browserslist-db@latest
8 verbose argv "exec" "--" "update-browserslist-db@latest"
9 verbose logfile logs-max:10 dir:/Users/johnlyman/Desktop/wasatchwise/.npm-cache/_logs/2026-01-15T17_12_48_796Z-
10 verbose logfile /Users/johnlyman/Desktop/wasatchwise/.npm-cache/_logs/2026-01-15T17_12_48_796Z-debug-0.log
11 silly logfile start cleaning logs, removing 1 files
12 silly logfile done cleaning log files
13 silly packumentCache heap:2197815296 maxSize:549453824 maxEntrySize:274726912
14 verbose shrinkwrap failed to load node_modules/.package-lock.json out of date, updated: node_modules/@next/eslint-plugin-next
15 http fetch GET 200 https://registry.npmjs.org/update-browserslist-db 79ms (cache miss)
16 silly packumentCache heap:2197815296 maxSize:549453824 maxEntrySize:274726912
17 silly packumentCache heap:2197815296 maxSize:549453824 maxEntrySize:274726912
18 warn exec The following package was not found and will be installed: update-browserslist-db@1.2.3
19 silly idealTree buildDeps
20 silly fetch manifest update-browserslist-db@1.2.3
21 silly packumentCache full:https://registry.npmjs.org/update-browserslist-db cache-miss
22 http fetch GET 200 https://registry.npmjs.org/update-browserslist-db 76ms (cache miss)
23 silly packumentCache full:https://registry.npmjs.org/update-browserslist-db set size:undefined disposed:false
24 silly fetch manifest browserslist@>= 4.21.0
25 silly packumentCache full:https://registry.npmjs.org/browserslist cache-miss
26 http fetch GET 200 https://registry.npmjs.org/browserslist 95ms (cache miss)
27 silly packumentCache full:https://registry.npmjs.org/browserslist set size:undefined disposed:false
28 silly placeDep ROOT update-browserslist-db@1.2.3 OK for:  want: 1.2.3
29 silly placeDep ROOT browserslist@4.28.1 OK for: update-browserslist-db@1.2.3 want: >= 4.21.0
30 silly fetch manifest escalade@^3.2.0
31 silly packumentCache full:https://registry.npmjs.org/escalade cache-miss
32 silly fetch manifest picocolors@^1.1.1
33 silly packumentCache full:https://registry.npmjs.org/picocolors cache-miss
34 silly fetch manifest baseline-browser-mapping@^2.9.0
35 silly packumentCache full:https://registry.npmjs.org/baseline-browser-mapping cache-miss
36 silly fetch manifest caniuse-lite@^1.0.30001759
37 silly packumentCache full:https://registry.npmjs.org/caniuse-lite cache-miss
38 silly fetch manifest electron-to-chromium@^1.5.263
39 silly packumentCache full:https://registry.npmjs.org/electron-to-chromium cache-miss
40 silly fetch manifest node-releases@^2.0.27
41 silly packumentCache full:https://registry.npmjs.org/node-releases cache-miss
42 http fetch GET 200 https://registry.npmjs.org/escalade 34ms (cache miss)
43 silly packumentCache full:https://registry.npmjs.org/escalade set size:undefined disposed:false
44 http fetch GET 200 https://registry.npmjs.org/picocolors 107ms (cache miss)
45 silly packumentCache full:https://registry.npmjs.org/picocolors set size:undefined disposed:false
46 http fetch GET 200 https://registry.npmjs.org/baseline-browser-mapping 110ms (cache miss)
47 silly packumentCache full:https://registry.npmjs.org/baseline-browser-mapping set size:undefined disposed:false
48 http fetch GET 200 https://registry.npmjs.org/node-releases 130ms (cache miss)
49 silly packumentCache full:https://registry.npmjs.org/node-releases set size:undefined disposed:false
50 http fetch GET 200 https://registry.npmjs.org/electron-to-chromium 181ms (cache miss)
51 silly packumentCache full:https://registry.npmjs.org/electron-to-chromium set size:undefined disposed:false
52 http fetch GET 200 https://registry.npmjs.org/caniuse-lite 212ms (cache miss)
53 silly packumentCache full:https://registry.npmjs.org/caniuse-lite set size:undefined disposed:false
54 silly placeDep ROOT baseline-browser-mapping@2.9.14 OK for: browserslist@4.28.1 want: ^2.9.0
55 silly placeDep ROOT caniuse-lite@1.0.30001764 OK for: browserslist@4.28.1 want: ^1.0.30001759
56 silly placeDep ROOT electron-to-chromium@1.5.267 OK for: browserslist@4.28.1 want: ^1.5.263
57 silly placeDep ROOT node-releases@2.0.27 OK for: browserslist@4.28.1 want: ^2.0.27
58 silly placeDep ROOT escalade@3.2.0 OK for: update-browserslist-db@1.2.3 want: ^3.2.0
59 silly placeDep ROOT picocolors@1.1.1 OK for: update-browserslist-db@1.2.3 want: ^1.1.1
60 silly reify moves {}
61 silly audit bulk request {
61 silly audit   'update-browserslist-db': [ '1.2.3' ],
61 silly audit   browserslist: [ '4.28.1' ],
61 silly audit   'baseline-browser-mapping': [ '2.9.14' ],
61 silly audit   'caniuse-lite': [ '1.0.30001764' ],
61 silly audit   'electron-to-chromium': [ '1.5.267' ],
61 silly audit   'node-releases': [ '2.0.27' ],
61 silly audit   escalade: [ '3.2.0' ],
61 silly audit   picocolors: [ '1.1.1' ]
61 silly audit }
62 http cache escalade@https://registry.npmjs.org/escalade/-/escalade-3.2.0.tgz 0ms (cache hit)
63 http cache node-releases@https://registry.npmjs.org/node-releases/-/node-releases-2.0.27.tgz 0ms (cache hit)
64 http cache picocolors@https://registry.npmjs.org/picocolors/-/picocolors-1.1.1.tgz 0ms (cache hit)
65 http cache electron-to-chromium@https://registry.npmjs.org/electron-to-chromium/-/electron-to-chromium-1.5.267.tgz 0ms (cache hit)
66 http cache baseline-browser-mapping@https://registry.npmjs.org/baseline-browser-mapping/-/baseline-browser-mapping-2.9.14.tgz 0ms (cache hit)
67 http cache update-browserslist-db@https://registry.npmjs.org/update-browserslist-db/-/update-browserslist-db-1.2.3.tgz 0ms (cache hit)
68 http cache caniuse-lite@https://registry.npmjs.org/caniuse-lite/-/caniuse-lite-1.0.30001764.tgz 0ms (cache hit)
69 http cache browserslist@https://registry.npmjs.org/browserslist/-/browserslist-4.28.1.tgz 0ms (cache hit)
70 silly tarball no local data for electron-to-chromium@https://registry.npmjs.org/electron-to-chromium/-/electron-to-chromium-1.5.267.tgz. Extracting by manifest.
71 silly tarball no local data for caniuse-lite@https://registry.npmjs.org/caniuse-lite/-/caniuse-lite-1.0.30001764.tgz. Extracting by manifest.
72 silly tarball no local data for baseline-browser-mapping@https://registry.npmjs.org/baseline-browser-mapping/-/baseline-browser-mapping-2.9.14.tgz. Extracting by manifest.
73 http fetch GET 200 https://registry.npmjs.org/electron-to-chromium/-/electron-to-chromium-1.5.267.tgz 60ms (cache miss)
74 http fetch GET 200 https://registry.npmjs.org/baseline-browser-mapping/-/baseline-browser-mapping-2.9.14.tgz 62ms (cache miss)
75 http fetch POST 200 https://registry.npmjs.org/-/npm/v1/security/advisories/bulk 94ms
76 silly audit report {}
77 http fetch GET 200 https://registry.npmjs.org/caniuse-lite/-/caniuse-lite-1.0.30001764.tgz 162ms (cache miss)
78 verbose cwd /Users/johnlyman/Desktop/wasatchwise
79 verbose os Darwin 25.2.0
80 verbose node v22.18.0
81 verbose npm  v10.9.3
82 verbose exit 1
83 verbose code 1
