0 verbose cli /opt/homebrew/Cellar/node@22/22.18.0/bin/node /opt/homebrew/opt/node@22/bin/npm
1 info using npm@10.9.3
2 info using node@v22.18.0
3 silly config load:file:/opt/homebrew/Cellar/node@22/22.18.0/lib/node_modules/npm/npmrc
4 silly config load:file:/Users/johnlyman/Desktop/wasatchwise/.npmrc
5 silly config load:file:/Users/johnlyman/.npmrc
6 silly config load:file:/opt/homebrew/etc/npmrc
7 verbose title npm ci
8 verbose argv "ci" "--cache" "/Users/johnlyman/Desktop/wasatchwise/.npm-cache"
9 verbose logfile logs-max:10 dir:/Users/johnlyman/Desktop/wasatchwise/.npm-cache/_logs/2026-01-20T15_14_22_062Z-
10 verbose logfile /Users/johnlyman/Desktop/wasatchwise/.npm-cache/_logs/2026-01-20T15_14_22_062Z-debug-0.log
11 silly logfile start cleaning logs, removing 1 files
12 silly packumentCache heap:2197815296 maxSize:549453824 maxEntrySize:274726912
13 silly logfile done cleaning log files
14 silly idealTree buildDeps
15 silly fetch manifest react@^18.2.0
16 silly packumentCache full:https://registry.npmjs.org/react cache-miss
17 http fetch GET 200 https://registry.npmjs.org/react 313ms (cache updated)
18 silly packumentCache full:https://registry.npmjs.org/react set size:undefined disposed:false
19 silly fetch manifest react-dom@^18.2.0
20 silly packumentCache full:https://registry.npmjs.org/react-dom cache-miss
21 http fetch GET 200 https://registry.npmjs.org/react-dom 232ms (cache miss)
22 silly packumentCache full:https://registry.npmjs.org/react-dom set size:undefined disposed:false
23 warn ERESOLVE overriding peer dependency {
23 warn ERESOLVE   code: 'ERESOLVE',
23 warn ERESOLVE   edge: {
23 warn ERESOLVE     type: 'peer',
23 warn ERESOLVE     name: 'react',
23 warn ERESOLVE     spec: '^18.2.0',
23 warn ERESOLVE     error: 'INVALID',
23 warn ERESOLVE     from: {
23 warn ERESOLVE       name: '@react-email/render',
23 warn ERESOLVE       version: '0.0.16',
23 warn ERESOLVE       location: 'node_modules/@react-email/render',
23 warn ERESOLVE       isWorkspace: false,
23 warn ERESOLVE       dependents: [Array]
23 warn ERESOLVE     }
23 warn ERESOLVE   },
23 warn ERESOLVE   dep: {
23 warn ERESOLVE     name: 'react',
23 warn ERESOLVE     version: '18.3.1',
23 warn ERESOLVE     whileInstalling: {
23 warn ERESOLVE       name: '@react-email/render',
23 warn ERESOLVE       version: '0.0.16',
23 warn ERESOLVE       path: '/Users/johnlyman/Desktop/wasatchwise/node_modules/@react-email/render'
23 warn ERESOLVE     },
23 warn ERESOLVE     location: 'node_modules/react',
23 warn ERESOLVE     isWorkspace: false,
23 warn ERESOLVE     dependents: [ [Object] ]
23 warn ERESOLVE   },
23 warn ERESOLVE   force: false,
23 warn ERESOLVE   isMine: false,
23 warn ERESOLVE   strictPeerDeps: false,
23 warn ERESOLVE   current: {
23 warn ERESOLVE     name: 'react',
23 warn ERESOLVE     version: '19.0.0',
23 warn ERESOLVE     location: 'node_modules/react',
23 warn ERESOLVE     isWorkspace: false,
23 warn ERESOLVE     dependents: [
23 warn ERESOLVE       [Object], [Object], [Object], [Object],
23 warn ERESOLVE       [Object], [Object], [Object], [Object],
23 warn ERESOLVE       [Object], [Object], [Object], [Object],
23 warn ERESOLVE       [Object], [Object], [Object], [Object],
23 warn ERESOLVE       [Object], [Object], [Object], [Object],
23 warn ERESOLVE       [Object], [Object], [Object], [Object],
23 warn ERESOLVE       [Object], [Object], [Object], [Object],
23 warn ERESOLVE       [Object], [Object], [Object], [Object],
23 warn ERESOLVE       [Object], [Object], [Object], [Object],
23 warn ERESOLVE       [Object], [Object], [Object], [Object],
23 warn ERESOLVE       [Object], [Object], [Object], [Object],
23 warn ERESOLVE       [Object], [Object], [Object], [Object],
23 warn ERESOLVE       [Object], [Object], [Object], [Object],
23 warn ERESOLVE       [Object]
23 warn ERESOLVE     ]
23 warn ERESOLVE   },
23 warn ERESOLVE   peerConflict: {
23 warn ERESOLVE     current: {
23 warn ERESOLVE       name: 'react',
23 warn ERESOLVE       version: '19.0.0',
23 warn ERESOLVE       location: 'node_modules/react',
23 warn ERESOLVE       isWorkspace: false,
23 warn ERESOLVE       dependents: [Array]
23 warn ERESOLVE     },
23 warn ERESOLVE     peer: {
23 warn ERESOLVE       name: 'react',
23 warn ERESOLVE       version: '18.3.1',
23 warn ERESOLVE       whileInstalling: [Object],
23 warn ERESOLVE       location: 'node_modules/react',
23 warn ERESOLVE       isWorkspace: false,
23 warn ERESOLVE       dependents: [Array]
23 warn ERESOLVE     }
23 warn ERESOLVE   }
23 warn ERESOLVE }
24 warn ERESOLVE overriding peer dependency {
24 warn ERESOLVE   code: 'ERESOLVE',
24 warn ERESOLVE   edge: {
24 warn ERESOLVE     type: 'peer',
24 warn ERESOLVE     name: 'react-dom',
24 warn ERESOLVE     spec: '^18.2.0',
24 warn ERESOLVE     error: 'INVALID',
24 warn ERESOLVE     from: {
24 warn ERESOLVE       name: '@react-email/render',
24 warn ERESOLVE       version: '0.0.16',
24 warn ERESOLVE       location: 'node_modules/@react-email/render',
24 warn ERESOLVE       isWorkspace: false,
24 warn ERESOLVE       dependents: [Array]
24 warn ERESOLVE     }
24 warn ERESOLVE   },
24 warn ERESOLVE   dep: {
24 warn ERESOLVE     name: 'react-dom',
24 warn ERESOLVE     version: '18.3.1',
24 warn ERESOLVE     whileInstalling: {
24 warn ERESOLVE       name: '@react-email/render',
24 warn ERESOLVE       version: '0.0.16',
24 warn ERESOLVE       path: '/Users/johnlyman/Desktop/wasatchwise/node_modules/@react-email/render'
24 warn ERESOLVE     },
24 warn ERESOLVE     location: 'node_modules/react-dom',
24 warn ERESOLVE     isWorkspace: false,
24 warn ERESOLVE     dependents: [ [Object] ]
24 warn ERESOLVE   },
24 warn ERESOLVE   force: false,
24 warn ERESOLVE   isMine: false,
24 warn ERESOLVE   strictPeerDeps: false,
24 warn ERESOLVE   current: {
24 warn ERESOLVE     name: 'react-dom',
24 warn ERESOLVE     version: '19.0.0',
24 warn ERESOLVE     location: 'node_modules/react-dom',
24 warn ERESOLVE     isWorkspace: false,
24 warn ERESOLVE     dependents: [
24 warn ERESOLVE       [Object], [Object],
24 warn ERESOLVE       [Object], [Object],
24 warn ERESOLVE       [Object], [Object],
24 warn ERESOLVE       [Object], [Object],
24 warn ERESOLVE       [Object], [Object],
24 warn ERESOLVE       [Object], [Object]
24 warn ERESOLVE     ]
24 warn ERESOLVE   },
24 warn ERESOLVE   peerConflict: {
24 warn ERESOLVE     current: {
24 warn ERESOLVE       name: 'react-dom',
24 warn ERESOLVE       version: '19.0.0',
24 warn ERESOLVE       location: 'node_modules/react-dom',
24 warn ERESOLVE       isWorkspace: false,
24 warn ERESOLVE       dependents: [Array]
24 warn ERESOLVE     },
24 warn ERESOLVE     peer: {
24 warn ERESOLVE       name: 'react-dom',
24 warn ERESOLVE       version: '18.3.1',
24 warn ERESOLVE       whileInstalling: [Object],
24 warn ERESOLVE       location: 'node_modules/react-dom',
24 warn ERESOLVE       isWorkspace: false,
24 warn ERESOLVE       dependents: [Array]
24 warn ERESOLVE     }
24 warn ERESOLVE   }
24 warn ERESOLVE }
